<?xml version="1.0" encoding="UTF-8"?>
<testsuite xmlns:xsi="http://www.w3.org/2001/XMLSchema-instance" xsi:noNamespaceSchemaLocation="https://maven.apache.org/surefire/maven-surefire-plugin/xsd/surefire-test-report.xsd" name="com.example.demoselenium.MainPageTest" time="21.302" tests="1" errors="0" skipped="0" failures="0">
  <properties>
    <property name="java.specification.version" value="16"/>
    <property name="sun.cpu.isalist" value="amd64"/>
    <property name="sun.jnu.encoding" value="Cp1252"/>
    <property name="java.class.path" value="C:\Users\LQA\IdeaProjects\demoselenium\target\test-classes;C:\Users\LQA\IdeaProjects\demoselenium\target\classes;C:\Users\LQA\.m2\repository\io\qameta\allure\allure-testng\2.13.8\allure-testng-2.13.8.jar;C:\Users\LQA\.m2\repository\io\qameta\allure\allure-java-commons\2.13.8\allure-java-commons-2.13.8.jar;C:\Users\LQA\.m2\repository\io\qameta\allure\allure-model\2.13.8\allure-model-2.13.8.jar;C:\Users\LQA\.m2\repository\com\fasterxml\jackson\core\jackson-databind\2.11.3\jackson-databind-2.11.3.jar;C:\Users\LQA\.m2\repository\com\fasterxml\jackson\core\jackson-annotations\2.11.3\jackson-annotations-2.11.3.jar;C:\Users\LQA\.m2\repository\com\fasterxml\jackson\core\jackson-core\2.11.3\jackson-core-2.11.3.jar;C:\Users\LQA\.m2\repository\org\apache\tika\tika-core\1.24.1\tika-core-1.24.1.jar;C:\Users\LQA\.m2\repository\org\jooq\joor-java-8\0.9.13\joor-java-8-0.9.13.jar;C:\Users\LQA\.m2\repository\com\codeborne\selenide\5.19.0\selenide-5.19.0.jar;C:\Users\LQA\.m2\repository\org\seleniumhq\selenium\selenium-java\3.141.59\selenium-java-3.141.59.jar;C:\Users\LQA\.m2\repository\org\seleniumhq\selenium\selenium-api\3.141.59\selenium-api-3.141.59.jar;C:\Users\LQA\.m2\repository\org\seleniumhq\selenium\selenium-chrome-driver\3.141.59\selenium-chrome-driver-3.141.59.jar;C:\Users\LQA\.m2\repository\org\seleniumhq\selenium\selenium-edge-driver\3.141.59\selenium-edge-driver-3.141.59.jar;C:\Users\LQA\.m2\repository\org\seleniumhq\selenium\selenium-firefox-driver\3.141.59\selenium-firefox-driver-3.141.59.jar;C:\Users\LQA\.m2\repository\org\seleniumhq\selenium\selenium-ie-driver\3.141.59\selenium-ie-driver-3.141.59.jar;C:\Users\LQA\.m2\repository\org\seleniumhq\selenium\selenium-opera-driver\3.141.59\selenium-opera-driver-3.141.59.jar;C:\Users\LQA\.m2\repository\org\seleniumhq\selenium\selenium-remote-driver\3.141.59\selenium-remote-driver-3.141.59.jar;C:\Users\LQA\.m2\repository\org\seleniumhq\selenium\selenium-safari-driver\3.141.59\selenium-safari-driver-3.141.59.jar;C:\Users\LQA\.m2\repository\org\seleniumhq\selenium\selenium-support\3.141.59\selenium-support-3.141.59.jar;C:\Users\LQA\.m2\repository\org\apache\commons\commons-exec\1.3\commons-exec-1.3.jar;C:\Users\LQA\.m2\repository\com\squareup\okhttp3\okhttp\3.11.0\okhttp-3.11.0.jar;C:\Users\LQA\.m2\repository\com\squareup\okio\okio\1.14.0\okio-1.14.0.jar;C:\Users\LQA\.m2\repository\org\rauschig\jarchivelib\1.1.0\jarchivelib-1.1.0.jar;C:\Users\LQA\.m2\repository\org\apache\commons\commons-compress\1.20\commons-compress-1.20.jar;C:\Users\LQA\.m2\repository\org\apache\httpcomponents\client5\httpclient5\5.0.3\httpclient5-5.0.3.jar;C:\Users\LQA\.m2\repository\org\apache\httpcomponents\core5\httpcore5\5.0.2\httpcore5-5.0.2.jar;C:\Users\LQA\.m2\repository\commons-codec\commons-codec\1.13\commons-codec-1.13.jar;C:\Users\LQA\.m2\repository\com\google\guava\guava\30.1-jre\guava-30.1-jre.jar;C:\Users\LQA\.m2\repository\com\google\guava\failureaccess\1.0.1\failureaccess-1.0.1.jar;C:\Users\LQA\.m2\repository\com\google\guava\listenablefuture\9999.0-empty-to-avoid-conflict-with-guava\listenablefuture-9999.0-empty-to-avoid-conflict-with-guava.jar;C:\Users\LQA\.m2\repository\com\google\code\findbugs\jsr305\3.0.2\jsr305-3.0.2.jar;C:\Users\LQA\.m2\repository\org\checkerframework\checker-qual\3.5.0\checker-qual-3.5.0.jar;C:\Users\LQA\.m2\repository\com\google\errorprone\error_prone_annotations\2.3.4\error_prone_annotations-2.3.4.jar;C:\Users\LQA\.m2\repository\com\google\j2objc\j2objc-annotations\1.3\j2objc-annotations-1.3.jar;C:\Users\LQA\.m2\repository\org\slf4j\slf4j-api\1.7.30\slf4j-api-1.7.30.jar;C:\Users\LQA\.m2\repository\io\qameta\allure\allure-selenide\2.13.8\allure-selenide-2.13.8.jar;C:\Users\LQA\.m2\repository\io\github\bonigarcia\webdrivermanager\4.3.1\webdrivermanager-4.3.1.jar;C:\Users\LQA\.m2\repository\commons-io\commons-io\2.8.0\commons-io-2.8.0.jar;C:\Users\LQA\.m2\repository\com\google\code\gson\gson\2.8.6\gson-2.8.6.jar;C:\Users\LQA\.m2\repository\org\apache\commons\commons-lang3\3.11\commons-lang3-3.11.jar;C:\Users\LQA\.m2\repository\org\jsoup\jsoup\1.13.1\jsoup-1.13.1.jar;C:\Users\LQA\.m2\repository\com\epam\jdi\jdi-light-html\1.3.10\jdi-light-html-1.3.10.jar;C:\Users\LQA\.m2\repository\com\epam\jdi\jdi-light\1.3.10\jdi-light-1.3.10.jar;C:\Users\LQA\.m2\repository\com\epam\jdi\tools\jdi-light-saber\2.1.12\jdi-light-saber-2.1.12.jar;C:\Users\LQA\.m2\repository\javax\xml\bind\jaxb-api\2.3.0\jaxb-api-2.3.0.jar;C:\Users\LQA\.m2\repository\com\sun\xml\bind\jaxb-core\2.3.0\jaxb-core-2.3.0.jar;C:\Users\LQA\.m2\repository\com\sun\xml\bind\jaxb-impl\2.3.0\jaxb-impl-2.3.0.jar;C:\Users\LQA\.m2\repository\org\apache\logging\log4j\log4j-api\2.13.3\log4j-api-2.13.3.jar;C:\Users\LQA\.m2\repository\org\apache\logging\log4j\log4j-core\2.13.3\log4j-core-2.13.3.jar;C:\Users\LQA\.m2\repository\org\apache\logging\log4j\log4j-slf4j-impl\2.13.3\log4j-slf4j-impl-2.13.3.jar;C:\Users\LQA\.m2\repository\org\apache\logging\log4j\log4j-1.2-api\2.13.3\log4j-1.2-api-2.13.3.jar;C:\Users\LQA\.m2\repository\net\lingala\zip4j\zip4j\2.6.4\zip4j-2.6.4.jar;C:\Users\LQA\.m2\repository\org\aspectj\aspectjrt\1.9.5\aspectjrt-1.9.5.jar;C:\Users\LQA\.m2\repository\org\hamcrest\hamcrest\2.2\hamcrest-2.2.jar;C:\Users\LQA\.m2\repository\com\google\api-client\google-api-client-appengine\1.23.0\google-api-client-appengine-1.23.0.jar;C:\Users\LQA\.m2\repository\com\google\oauth-client\google-oauth-client-appengine\1.23.0\google-oauth-client-appengine-1.23.0.jar;C:\Users\LQA\.m2\repository\com\google\oauth-client\google-oauth-client\1.23.0\google-oauth-client-1.23.0.jar;C:\Users\LQA\.m2\repository\com\google\oauth-client\google-oauth-client-servlet\1.23.0\google-oauth-client-servlet-1.23.0.jar;C:\Users\LQA\.m2\repository\com\google\http-client\google-http-client-jdo\1.23.0\google-http-client-jdo-1.23.0.jar;C:\Users\LQA\.m2\repository\com\google\api-client\google-api-client\1.23.0\google-api-client-1.23.0.jar;C:\Users\LQA\.m2\repository\com\google\http-client\google-http-client-jackson2\1.23.0\google-http-client-jackson2-1.23.0.jar;C:\Users\LQA\.m2\repository\com\google\api-client\google-api-client-servlet\1.23.0\google-api-client-servlet-1.23.0.jar;C:\Users\LQA\.m2\repository\javax\servlet\servlet-api\2.5\servlet-api-2.5.jar;C:\Users\LQA\.m2\repository\javax\jdo\jdo2-api\2.3-eb\jdo2-api-2.3-eb.jar;C:\Users\LQA\.m2\repository\javax\transaction\transaction-api\1.1\transaction-api-1.1.jar;C:\Users\LQA\.m2\repository\com\google\http-client\google-http-client-appengine\1.23.0\google-http-client-appengine-1.23.0.jar;C:\Users\LQA\.m2\repository\com\google\http-client\google-http-client\1.23.0\google-http-client-1.23.0.jar;C:\Users\LQA\.m2\repository\org\apache\httpcomponents\httpclient\4.0.1\httpclient-4.0.1.jar;C:\Users\LQA\.m2\repository\org\apache\httpcomponents\httpcore\4.0.1\httpcore-4.0.1.jar;C:\Users\LQA\.m2\repository\commons-logging\commons-logging\1.1.1\commons-logging-1.1.1.jar;C:\Users\LQA\.m2\repository\org\testng\testng\7.1.0\testng-7.1.0.jar;C:\Users\LQA\.m2\repository\com\beust\jcommander\1.72\jcommander-1.72.jar;C:\Users\LQA\.m2\repository\com\google\inject\guice\4.1.0\guice-4.1.0-no_aop.jar;C:\Users\LQA\.m2\repository\javax\inject\javax.inject\1\javax.inject-1.jar;C:\Users\LQA\.m2\repository\aopalliance\aopalliance\1.0\aopalliance-1.0.jar;C:\Users\LQA\.m2\repository\org\yaml\snakeyaml\1.21\snakeyaml-1.21.jar;C:\Users\LQA\.m2\repository\org\slf4j\slf4j-simple\1.7.30\slf4j-simple-1.7.30.jar;"/>
    <property name="java.vm.vendor" value="Oracle Corporation"/>
    <property name="sun.arch.data.model" value="64"/>
    <property name="user.variant" value=""/>
    <property name="java.vendor.url" value="https://java.oracle.com/"/>
    <property name="user.timezone" value="Asia/Bangkok"/>
    <property name="os.name" value="Windows 10"/>
    <property name="java.vm.specification.version" value="16"/>
    <property name="sun.java.launcher" value="SUN_STANDARD"/>
    <property name="user.country" value="US"/>
    <property name="sun.boot.library.path" value="C:\Program Files\Java\jdk-16\bin"/>
    <property name="sun.java.command" value="C:\Users\LQA\AppData\Local\Temp\surefire3565901221362460744\surefirebooter17385316669246534563.jar C:\Users\LQA\AppData\Local\Temp\surefire3565901221362460744 2021-04-12T14-32-10_084-jvmRun1 surefire6839171952757137547tmp surefire_017153837155349124067tmp"/>
    <property name="jdk.debug" value="release"/>
    <property name="surefire.test.class.path" value="C:\Users\LQA\IdeaProjects\demoselenium\target\test-classes;C:\Users\LQA\IdeaProjects\demoselenium\target\classes;C:\Users\LQA\.m2\repository\io\qameta\allure\allure-testng\2.13.8\allure-testng-2.13.8.jar;C:\Users\LQA\.m2\repository\io\qameta\allure\allure-java-commons\2.13.8\allure-java-commons-2.13.8.jar;C:\Users\LQA\.m2\repository\io\qameta\allure\allure-model\2.13.8\allure-model-2.13.8.jar;C:\Users\LQA\.m2\repository\com\fasterxml\jackson\core\jackson-databind\2.11.3\jackson-databind-2.11.3.jar;C:\Users\LQA\.m2\repository\com\fasterxml\jackson\core\jackson-annotations\2.11.3\jackson-annotations-2.11.3.jar;C:\Users\LQA\.m2\repository\com\fasterxml\jackson\core\jackson-core\2.11.3\jackson-core-2.11.3.jar;C:\Users\LQA\.m2\repository\org\apache\tika\tika-core\1.24.1\tika-core-1.24.1.jar;C:\Users\LQA\.m2\repository\org\jooq\joor-java-8\0.9.13\joor-java-8-0.9.13.jar;C:\Users\LQA\.m2\repository\com\codeborne\selenide\5.19.0\selenide-5.19.0.jar;C:\Users\LQA\.m2\repository\org\seleniumhq\selenium\selenium-java\3.141.59\selenium-java-3.141.59.jar;C:\Users\LQA\.m2\repository\org\seleniumhq\selenium\selenium-api\3.141.59\selenium-api-3.141.59.jar;C:\Users\LQA\.m2\repository\org\seleniumhq\selenium\selenium-chrome-driver\3.141.59\selenium-chrome-driver-3.141.59.jar;C:\Users\LQA\.m2\repository\org\seleniumhq\selenium\selenium-edge-driver\3.141.59\selenium-edge-driver-3.141.59.jar;C:\Users\LQA\.m2\repository\org\seleniumhq\selenium\selenium-firefox-driver\3.141.59\selenium-firefox-driver-3.141.59.jar;C:\Users\LQA\.m2\repository\org\seleniumhq\selenium\selenium-ie-driver\3.141.59\selenium-ie-driver-3.141.59.jar;C:\Users\LQA\.m2\repository\org\seleniumhq\selenium\selenium-opera-driver\3.141.59\selenium-opera-driver-3.141.59.jar;C:\Users\LQA\.m2\repository\org\seleniumhq\selenium\selenium-remote-driver\3.141.59\selenium-remote-driver-3.141.59.jar;C:\Users\LQA\.m2\repository\org\seleniumhq\selenium\selenium-safari-driver\3.141.59\selenium-safari-driver-3.141.59.jar;C:\Users\LQA\.m2\repository\org\seleniumhq\selenium\selenium-support\3.141.59\selenium-support-3.141.59.jar;C:\Users\LQA\.m2\repository\org\apache\commons\commons-exec\1.3\commons-exec-1.3.jar;C:\Users\LQA\.m2\repository\com\squareup\okhttp3\okhttp\3.11.0\okhttp-3.11.0.jar;C:\Users\LQA\.m2\repository\com\squareup\okio\okio\1.14.0\okio-1.14.0.jar;C:\Users\LQA\.m2\repository\org\rauschig\jarchivelib\1.1.0\jarchivelib-1.1.0.jar;C:\Users\LQA\.m2\repository\org\apache\commons\commons-compress\1.20\commons-compress-1.20.jar;C:\Users\LQA\.m2\repository\org\apache\httpcomponents\client5\httpclient5\5.0.3\httpclient5-5.0.3.jar;C:\Users\LQA\.m2\repository\org\apache\httpcomponents\core5\httpcore5\5.0.2\httpcore5-5.0.2.jar;C:\Users\LQA\.m2\repository\commons-codec\commons-codec\1.13\commons-codec-1.13.jar;C:\Users\LQA\.m2\repository\com\google\guava\guava\30.1-jre\guava-30.1-jre.jar;C:\Users\LQA\.m2\repository\com\google\guava\failureaccess\1.0.1\failureaccess-1.0.1.jar;C:\Users\LQA\.m2\repository\com\google\guava\listenablefuture\9999.0-empty-to-avoid-conflict-with-guava\listenablefuture-9999.0-empty-to-avoid-conflict-with-guava.jar;C:\Users\LQA\.m2\repository\com\google\code\findbugs\jsr305\3.0.2\jsr305-3.0.2.jar;C:\Users\LQA\.m2\repository\org\checkerframework\checker-qual\3.5.0\checker-qual-3.5.0.jar;C:\Users\LQA\.m2\repository\com\google\errorprone\error_prone_annotations\2.3.4\error_prone_annotations-2.3.4.jar;C:\Users\LQA\.m2\repository\com\google\j2objc\j2objc-annotations\1.3\j2objc-annotations-1.3.jar;C:\Users\LQA\.m2\repository\org\slf4j\slf4j-api\1.7.30\slf4j-api-1.7.30.jar;C:\Users\LQA\.m2\repository\io\qameta\allure\allure-selenide\2.13.8\allure-selenide-2.13.8.jar;C:\Users\LQA\.m2\repository\io\github\bonigarcia\webdrivermanager\4.3.1\webdrivermanager-4.3.1.jar;C:\Users\LQA\.m2\repository\commons-io\commons-io\2.8.0\commons-io-2.8.0.jar;C:\Users\LQA\.m2\repository\com\google\code\gson\gson\2.8.6\gson-2.8.6.jar;C:\Users\LQA\.m2\repository\org\apache\commons\commons-lang3\3.11\commons-lang3-3.11.jar;C:\Users\LQA\.m2\repository\org\jsoup\jsoup\1.13.1\jsoup-1.13.1.jar;C:\Users\LQA\.m2\repository\com\epam\jdi\jdi-light-html\1.3.10\jdi-light-html-1.3.10.jar;C:\Users\LQA\.m2\repository\com\epam\jdi\jdi-light\1.3.10\jdi-light-1.3.10.jar;C:\Users\LQA\.m2\repository\com\epam\jdi\tools\jdi-light-saber\2.1.12\jdi-light-saber-2.1.12.jar;C:\Users\LQA\.m2\repository\javax\xml\bind\jaxb-api\2.3.0\jaxb-api-2.3.0.jar;C:\Users\LQA\.m2\repository\com\sun\xml\bind\jaxb-core\2.3.0\jaxb-core-2.3.0.jar;C:\Users\LQA\.m2\repository\com\sun\xml\bind\jaxb-impl\2.3.0\jaxb-impl-2.3.0.jar;C:\Users\LQA\.m2\repository\org\apache\logging\log4j\log4j-api\2.13.3\log4j-api-2.13.3.jar;C:\Users\LQA\.m2\repository\org\apache\logging\log4j\log4j-core\2.13.3\log4j-core-2.13.3.jar;C:\Users\LQA\.m2\repository\org\apache\logging\log4j\log4j-slf4j-impl\2.13.3\log4j-slf4j-impl-2.13.3.jar;C:\Users\LQA\.m2\repository\org\apache\logging\log4j\log4j-1.2-api\2.13.3\log4j-1.2-api-2.13.3.jar;C:\Users\LQA\.m2\repository\net\lingala\zip4j\zip4j\2.6.4\zip4j-2.6.4.jar;C:\Users\LQA\.m2\repository\org\aspectj\aspectjrt\1.9.5\aspectjrt-1.9.5.jar;C:\Users\LQA\.m2\repository\org\hamcrest\hamcrest\2.2\hamcrest-2.2.jar;C:\Users\LQA\.m2\repository\com\google\api-client\google-api-client-appengine\1.23.0\google-api-client-appengine-1.23.0.jar;C:\Users\LQA\.m2\repository\com\google\oauth-client\google-oauth-client-appengine\1.23.0\google-oauth-client-appengine-1.23.0.jar;C:\Users\LQA\.m2\repository\com\google\oauth-client\google-oauth-client\1.23.0\google-oauth-client-1.23.0.jar;C:\Users\LQA\.m2\repository\com\google\oauth-client\google-oauth-client-servlet\1.23.0\google-oauth-client-servlet-1.23.0.jar;C:\Users\LQA\.m2\repository\com\google\http-client\google-http-client-jdo\1.23.0\google-http-client-jdo-1.23.0.jar;C:\Users\LQA\.m2\repository\com\google\api-client\google-api-client\1.23.0\google-api-client-1.23.0.jar;C:\Users\LQA\.m2\repository\com\google\http-client\google-http-client-jackson2\1.23.0\google-http-client-jackson2-1.23.0.jar;C:\Users\LQA\.m2\repository\com\google\api-client\google-api-client-servlet\1.23.0\google-api-client-servlet-1.23.0.jar;C:\Users\LQA\.m2\repository\javax\servlet\servlet-api\2.5\servlet-api-2.5.jar;C:\Users\LQA\.m2\repository\javax\jdo\jdo2-api\2.3-eb\jdo2-api-2.3-eb.jar;C:\Users\LQA\.m2\repository\javax\transaction\transaction-api\1.1\transaction-api-1.1.jar;C:\Users\LQA\.m2\repository\com\google\http-client\google-http-client-appengine\1.23.0\google-http-client-appengine-1.23.0.jar;C:\Users\LQA\.m2\repository\com\google\http-client\google-http-client\1.23.0\google-http-client-1.23.0.jar;C:\Users\LQA\.m2\repository\org\apache\httpcomponents\httpclient\4.0.1\httpclient-4.0.1.jar;C:\Users\LQA\.m2\repository\org\apache\httpcomponents\httpcore\4.0.1\httpcore-4.0.1.jar;C:\Users\LQA\.m2\repository\commons-logging\commons-logging\1.1.1\commons-logging-1.1.1.jar;C:\Users\LQA\.m2\repository\org\testng\testng\7.1.0\testng-7.1.0.jar;C:\Users\LQA\.m2\repository\com\beust\jcommander\1.72\jcommander-1.72.jar;C:\Users\LQA\.m2\repository\com\google\inject\guice\4.1.0\guice-4.1.0-no_aop.jar;C:\Users\LQA\.m2\repository\javax\inject\javax.inject\1\javax.inject-1.jar;C:\Users\LQA\.m2\repository\aopalliance\aopalliance\1.0\aopalliance-1.0.jar;C:\Users\LQA\.m2\repository\org\yaml\snakeyaml\1.21\snakeyaml-1.21.jar;C:\Users\LQA\.m2\repository\org\slf4j\slf4j-simple\1.7.30\slf4j-simple-1.7.30.jar;"/>
    <property name="allure.results.directory" value="C:\Users\LQA\IdeaProjects\demoselenium\target/allure-results"/>
    <property name="sun.cpu.endian" value="little"/>
    <property name="user.home" value="C:\Users\LQA"/>
    <property name="user.language" value="en"/>
    <property name="java.specification.vendor" value="Oracle Corporation"/>
    <property name="java.version.date" value="2021-03-16"/>
    <property name="java.home" value="C:\Program Files\Java\jdk-16"/>
    <property name="file.separator" value="\"/>
    <property name="basedir" value="C:\Users\LQA\IdeaProjects\demoselenium"/>
    <property name="java.vm.compressedOopsMode" value="32-bit"/>
    <property name="line.separator" value="&#10;"/>
    <property name="java.vm.specification.vendor" value="Oracle Corporation"/>
    <property name="java.specification.name" value="Java Platform API Specification"/>
    <property name="surefire.real.class.path" value="C:\Users\LQA\AppData\Local\Temp\surefire3565901221362460744\surefirebooter17385316669246534563.jar"/>
    <property name="user.script" value=""/>
    <property name="sun.management.compiler" value="HotSpot 64-Bit Tiered Compilers"/>
    <property name="java.runtime.version" value="16+36-2231"/>
    <property name="user.name" value="LQA"/>
    <property name="path.separator" value=";"/>
    <property name="os.version" value="10.0"/>
    <property name="java.runtime.name" value="Java(TM) SE Runtime Environment"/>
    <property name="file.encoding" value="Cp1252"/>
    <property name="java.vm.name" value="Java HotSpot(TM) 64-Bit Server VM"/>
    <property name="localRepository" value="C:\Users\LQA\.m2\repository"/>
    <property name="java.vendor.url.bug" value="https://bugreport.java.com/bugreport/"/>
    <property name="java.io.tmpdir" value="C:\Users\LQA\AppData\Local\Temp\"/>
    <property name="java.version" value="16"/>
    <property name="user.dir" value="C:\Users\LQA\IdeaProjects\demoselenium"/>
    <property name="os.arch" value="amd64"/>
    <property name="java.vm.specification.name" value="Java Virtual Machine Specification"/>
    <property name="sun.os.patch.level" value=""/>
    <property name="java.library.path" value="C:\Program Files\Java\jdk-16\bin;C:\Windows\Sun\Java\bin;C:\Windows\system32;C:\Windows;C:\Program Files\Common Files\Oracle\Java\javapath;C:\Windows\system32;C:\Windows;C:\Windows\System32\Wbem;C:\Windows\System32\WindowsPowerShell\v1.0\;C:\Windows\System32\OpenSSH\;C:\Program Files\nodejs\;C:\Users\LQA\AppData\Local\Microsoft\WindowsApps;C:\Users\LQA\AppData\Local\Programs\Microsoft VS Code\bin;C:\Users\LQA\AppData\Roaming\npm;C:\Selenium\WebDrivers;C:\Users\LQA\Desktop\apache-maven-3.8.1\bin;C:\Users\LQA\AppData\Local\Microsoft\WindowsApps;;C:\Users\LQA\AppData\Roaming\npm;."/>
    <property name="java.vm.info" value="mixed mode, sharing"/>
    <property name="java.vendor" value="Oracle Corporation"/>
    <property name="java.vm.version" value="16+36-2231"/>
    <property name="sun.io.unicode.encoding" value="UnicodeLittle"/>
    <property name="java.class.version" value="60.0"/>
  </properties>
  <testcase name="openSite" classname="com.example.demoselenium.MainPageTest" time="17.02"/>
</testsuite>