<?xml version="1.0" encoding="UTF-8"?>
<!-- Generated by org.testng.reporters.JUnitReportReporter -->
<testsuite skipped="0" hostname="ESPRIMO-D582E" name="com.example.demoselenium.POM.Test.TestPOM" tests="1" failures="0" timestamp="2021-04-26T17:19:24 ICT" time="15.524" errors="0">
  <testcase name="loginTes" time="15.524" classname="com.example.demoselenium.POM.Test.TestPOM"/>
  <system-out/>
</testsuite> <!-- com.example.demoselenium.POM.Test.TestPOM -->
