<?xml version="1.0" encoding="UTF-8"?>
<!-- Generated by org.testng.reporters.JUnitReportReporter -->
<testsuite skipped="0" hostname="ESPRIMO-D582E" name="com.example.demoselenium.finalproject.MainTest" tests="7" failures="0" timestamp="2021-04-27T08:56:17 ICT" time="108.452" errors="0">
  <testcase name="newsletter" time="16.178" classname="com.example.demoselenium.finalproject.MainTest"/>
  <system-out/>
  <testcase name="searchClear" time="21.926" classname="com.example.demoselenium.finalproject.MainTest"/>
  <system-out/>
  <testcase name="removeCartAddCheckout" time="9.258" classname="com.example.demoselenium.finalproject.MainTest"/>
  <system-out/>
  <testcase name="mouseAddCart" time="11.562" classname="com.example.demoselenium.finalproject.MainTest"/>
  <system-out/>
  <testcase name="createAccount" time="24.557" classname="com.example.demoselenium.finalproject.MainTest"/>
  <system-out/>
  <testcase name="sale20" time="11.882" classname="com.example.demoselenium.finalproject.MainTest"/>
  <system-out/>
  <testcase name="createContactus" time="13.089" classname="com.example.demoselenium.finalproject.MainTest"/>
  <system-out/>
</testsuite> <!-- com.example.demoselenium.finalproject.MainTest -->
