<?xml version="1.0" encoding="UTF-8"?>
<!-- Generated by org.testng.reporters.JUnitReportReporter -->
<testsuite hostname="ESPRIMO-D582E" failures="0" tests="1" name="com.example.demoselenium.MainPageTest" time="17.025" errors="0" timestamp="2021-04-12T14:32:38 ICT" skipped="0">
  <testcase classname="com.example.demoselenium.MainPageTest" name="openSite" time="17.025"/>
  <system-out/>
</testsuite> <!-- com.example.demoselenium.MainPageTest -->
